<?xml version="1.0" encoding="UTF-8"?>
<!-- Generated by org.testng.reporters.JUnitReportReporter -->
<testsuite hostname="REEMAGGA-IN" name="BatchTesting.SignUpTest" tests="3" failures="0" timestamp="5 Nov 2020 10:19:48 GMT" time="0.004" errors="0">
  <testcase name="SignupByFacebook" time="0.001" classname="BatchTesting.SignUpTest"/>
  <testcase name="SignupByemail" time="0.002" classname="BatchTesting.SignUpTest"/>
  <testcase name="SignupByTwitter" time="0.001" classname="BatchTesting.SignUpTest"/>
</testsuite> <!-- BatchTesting.SignUpTest -->
