<?xml version="1.0" encoding="UTF-8"?>
<!-- Generated by org.testng.reporters.JUnitReportReporter -->
<testsuite hostname="REEMAGGA-IN" name="firstTestNGPackage.SanityTest_1" tests="2" failures="0" timestamp="28 Oct 2020 08:23:45 GMT" time="0.014" errors="0">
  <testcase name="m2" time="0.000" classname="firstTestNGPackage.SanityTest_1"/>
  <testcase name="m1" time="0.014" classname="firstTestNGPackage.SanityTest_1"/>
</testsuite> <!-- firstTestNGPackage.SanityTest_1 -->
