<?xml version="1.0" encoding="UTF-8"?>
<!-- Generated by org.testng.reporters.JUnitReportReporter -->
<testsuite hostname="REEMAGGA-IN" name="BatchTesting.PaymentTest" tests="2" failures="0" timestamp="5 Nov 2020 10:19:48 GMT" time="0.014" errors="0">
  <testcase name="PaymentInDollars" time="0.013" classname="BatchTesting.PaymentTest"/>
  <testcase name="PaymentInRupees" time="0.001" classname="BatchTesting.PaymentTest"/>
</testsuite> <!-- BatchTesting.PaymentTest -->
