<?xml version="1.0" encoding="UTF-8"?>
<!-- Generated by org.testng.reporters.JUnitReportReporter -->
<testsuite hostname="REEMAGGA-IN" name="BatchTesting.LoginTest" tests="3" failures="0" timestamp="5 Nov 2020 10:19:48 GMT" time="0.003" errors="0">
  <testcase name="loginByEmail" time="0.001" classname="BatchTesting.LoginTest"/>
  <testcase name="loginByTwitter" time="0.001" classname="BatchTesting.LoginTest"/>
  <testcase name="loginByFacebook" time="0.001" classname="BatchTesting.LoginTest"/>
</testsuite> <!-- BatchTesting.LoginTest -->
